<?xml version="1.0" encoding="UTF-8"?>
<!-- Generated by org.testng.reporters.JUnitReportReporter -->
<testsuite hostname="DESKTOP-35FV50R" failures="0" tests="3" name="Assignment.CrossBrowserTest" time="187.630" errors="0" timestamp="2024-05-10T12:44:15 IST" skipped="0">
  <testcase classname="Assignment.CrossBrowserTest" name="browserTest" time="59.978"/>
  <system-out>
    <![CDATA[Test executing on Chrome
Driver session established with server
Test executing from amazon application
Test execution on Chrome completed]]>
  </system-out>
  <testcase classname="Assignment.CrossBrowserTest" name="browserTest" time="62.781"/>
  <system-out>
    <![CDATA[Test executing on Chrome
Driver session established with server
Test executing from amazon application
Test execution on Chrome completed]]>
  </system-out>
  <testcase classname="Assignment.CrossBrowserTest" name="browserTest" time="64.871"/>
  <system-out>
    <![CDATA[Test executing on Chrome
Driver session established with server
Test executing from amazon application
Test execution on Chrome completed]]>
  </system-out>
</testsuite> <!-- Assignment.CrossBrowserTest -->
